<?xml version="1.0" encoding="UTF-8"?>
<!-- Generated by org.testng.reporters.JUnitReportReporter -->
<testsuite hostname="DESKTOP-ARF3BKM" failures="0" tests="1" name="souledstore.cartpage" time="0.022" errors="0" timestamp="2023-06-01T20:31:00 IST" skipped="0">
  <testcase classname="souledstore.cartpage" name="cartdetails" time="0.022"/>
  <system-out/>
</testsuite> <!-- souledstore.cartpage -->
