<?xml version="1.0" encoding="UTF-8"?>
<!-- Generated by org.testng.reporters.JUnitReportReporter -->
<testsuite hostname="DESKTOP-ARF3BKM" failures="0" tests="1" name="demo.bbbb" time="34.407" errors="0" timestamp="2023-06-04T11:38:55 IST" skipped="0">
  <testcase classname="demo.bbbb" name="Addcart" time="34.407"/>
  <system-out/>
</testsuite> <!-- demo.bbbb -->
